# JRE version: Java(TM) SE Runtime Environment (26.0+35) (build 26+35-2893)
# Java VM: Java HotSpot(TM) 64-Bit Server VM (26+35-2893, mixed mode, emulated-client, sharing, tiered, compressed oops, compressed class ptrs, g1 gc, windows-amd64)
GC Precious Log:
 CardTable entry size: 512
 Card Set container configuration: InlinePtr #cards 4 size 8 Array Of Cards #cards 16 size 48 Howl #buckets 8 coarsen threshold 3686 Howl Bitmap #cards 512 size 80 coarsen threshold 460 Card regions per heap region 1 cards per card region 4096
 CPUs: 32 total, 32 available
 Memory: 15577M
 Large Page Support: Disabled
 NUMA Support: Disabled
 Compressed Oops: Enabled (Zero based)
 Heap Region Size: 2M
 Heap Min Capacity: 8M
 Heap Initial Capacity: 8M
 Heap Max Capacity: 3896M
 Pre-touch: Disabled
 Parallel Workers: 23
 Concurrent Workers: 6
 Concurrent Refinement Workers: 23
 Periodic GC: Disabled
Heap:
 garbage-first heap   total reserved 3989504K, committed 129024K, used 20720K [0x000000070c800000, 0x0000000800000000)
  region size 2M, 0 eden (0M), 1 survivor (2M), 10 old (20M), 0 humongous (0M), 52 free (104M)
GC Heap Usage History (20 events):
Event: 0.059 {heap After GC invocations=1 (full 0):
 garbage-first heap   total reserved 3989504K, committed 10240K, used 4360K [0x000000070c800000, 0x0000000800000000)
  region size 2M, 0 eden (0M), 1 survivor (2M), 2 old (4M), 0 humongous (0M), 2 free (4M)
}
Event: 0.078 {heap Before GC invocations=1 (full 0):
 garbage-first heap   total reserved 3989504K, committed 10240K, used 4360K [0x000000070c800000, 0x0000000800000000)
  region size 2M, 1 eden (2M), 1 survivor (2M), 2 old (4M), 0 humongous (0M), 1 free (2M)
}
Event: 0.079 {heap After GC invocations=2 (full 0):
 garbage-first heap   total reserved 3989504K, committed 12288K, used 5760K [0x000000070c800000, 0x0000000800000000)
  region size 2M, 0 eden (0M), 1 survivor (2M), 3 old (6M), 0 humongous (0M), 2 free (4M)
}
Event: 0.105 {heap Before GC invocations=2 (full 0):
 garbage-first heap   total reserved 3989504K, committed 12288K, used 7808K [0x000000070c800000, 0x0000000800000000)
  region size 2M, 1 eden (2M), 1 survivor (2M), 3 old (6M), 0 humongous (0M), 1 free (2M)
}
Event: 0.107 {heap After GC invocations=3 (full 0):
 garbage-first heap   total reserved 3989504K, committed 43008K, used 6564K [0x000000070c800000, 0x0000000800000000)
  region size 2M, 0 eden (0M), 1 survivor (2M), 4 old (8M), 0 humongous (0M), 16 free (32M)
}
Event: 0.235 {heap Before GC invocations=3 (full 0):
 garbage-first heap   total reserved 3989504K, committed 43008K, used 18852K [0x000000070c800000, 0x0000000800000000)
  region size 2M, 7 eden (14M), 1 survivor (2M), 4 old (8M), 0 humongous (0M), 9 free (18M)
}
Event: 0.237 {heap After GC invocations=4 (full 0):
 garbage-first heap   total reserved 3989504K, committed 43008K, used 7653K [0x000000070c800000, 0x0000000800000000)
  region size 2M, 0 eden (0M), 1 survivor (2M), 4 old (8M), 0 humongous (0M), 16 free (32M)
}
Event: 0.317 {heap Before GC invocations=4 (full 0):
 garbage-first heap   total reserved 3989504K, committed 43008K, used 21989K [0x000000070c800000, 0x0000000800000000)
  region size 2M, 7 eden (14M), 1 survivor (2M), 4 old (8M), 0 humongous (0M), 9 free (18M)
}
Event: 0.318 {heap After GC invocations=5 (full 0):
 garbage-first heap   total reserved 3989504K, committed 43008K, used 8727K [0x000000070c800000, 0x0000000800000000)
  region size 2M, 0 eden (0M), 1 survivor (2M), 5 old (10M), 0 humongous (0M), 15 free (30M)
}
Event: 0.386 {heap Before GC invocations=5 (full 0):
 garbage-first heap   total reserved 3989504K, committed 43008K, used 25111K [0x000000070c800000, 0x0000000800000000)
  region size 2M, 8 eden (16M), 1 survivor (2M), 5 old (10M), 0 humongous (0M), 7 free (14M)
}
Event: 0.388 {heap After GC invocations=6 (full 0):
 garbage-first heap   total reserved 3989504K, committed 43008K, used 9839K [0x000000070c800000, 0x0000000800000000)
  region size 2M, 0 eden (0M), 2 survivor (4M), 5 old (10M), 0 humongous (0M), 14 free (28M)
}
Event: 0.448 {heap Before GC invocations=6 (full 0):
 garbage-first heap   total reserved 3989504K, committed 43008K, used 28271K [0x000000070c800000, 0x0000000800000000)
  region size 2M, 9 eden (18M), 2 survivor (4M), 5 old (10M), 0 humongous (0M), 5 free (10M)
}
Event: 0.450 {heap After GC invocations=7 (full 0):
 garbage-first heap   total reserved 3989504K, committed 129024K, used 11782K [0x000000070c800000, 0x0000000800000000)
  region size 2M, 0 eden (0M), 2 survivor (4M), 5 old (10M), 0 humongous (0M), 56 free (112M)
}
Event: 0.522 {heap Before GC invocations=7 (full 0):
 garbage-first heap   total reserved 3989504K, committed 129024K, used 26118K [0x000000070c800000, 0x0000000800000000)
  region size 2M, 8 eden (16M), 2 survivor (4M), 5 old (10M), 0 humongous (0M), 48 free (96M)
}
Event: 0.525 {heap After GC invocations=8 (full 0):
 garbage-first heap   total reserved 3989504K, committed 129024K, used 14286K [0x000000070c800000, 0x0000000800000000)
  region size 2M, 0 eden (0M), 4 survivor (8M), 5 old (10M), 0 humongous (0M), 54 free (108M)
}
Event: 1.012 {heap Before GC invocations=9 (full 0):
 garbage-first heap   total reserved 3989504K, committed 129024K, used 81870K [0x000000070c800000, 0x0000000800000000)
  region size 2M, 33 eden (66M), 4 survivor (8M), 5 old (10M), 0 humongous (0M), 21 free (42M)
}
Event: 1.019 {heap After GC invocations=10 (full 0):
 garbage-first heap   total reserved 3989504K, committed 129024K, used 19895K [0x000000070c800000, 0x0000000800000000)
  region size 2M, 0 eden (0M), 5 survivor (10M), 6 old (12M), 0 humongous (0M), 52 free (104M)
}
Event: 1.144 {heap Before GC invocations=10 (full 0):
 garbage-first heap   total reserved 3989504K, committed 129024K, used 30135K [0x000000070c800000, 0x0000000800000000)
  region size 2M, 7 eden (14M), 5 survivor (10M), 6 old (12M), 0 humongous (0M), 45 free (90M)
}
Event: 1.148 {heap After GC invocations=11 (full 0):
 garbage-first heap   total reserved 3989504K, committed 129024K, used 20202K [0x000000070c800000, 0x0000000800000000)
  region size 2M, 0 eden (0M), 4 survivor (8M), 7 old (14M), 0 humongous (0M), 52 free (104M)
}
Event: 1.162 {heap Before GC invocations=11 (full 0):
 garbage-first heap   total reserved 3989504K, committed 129024K, used 20202K [0x000000070c800000, 0x0000000800000000)
  region size 2M, 1 eden (2M), 4 survivor (8M), 7 old (14M), 0 humongous (0M), 51 free (102M)
}

