# JRE version: Java(TM) SE Runtime Environment (26.0+35) (build 26+35-2893)
# Java VM: Java HotSpot(TM) 64-Bit Server VM (26+35-2893, mixed mode, emulated-client, sharing, tiered, compressed oops, compressed class ptrs, g1 gc, windows-amd64)
GC Precious Log:
 CardTable entry size: 512
 Card Set container configuration: InlinePtr #cards 4 size 8 Array Of Cards #cards 16 size 48 Howl #buckets 8 coarsen threshold 3686 Howl Bitmap #cards 512 size 80 coarsen threshold 460 Card regions per heap region 1 cards per card region 4096
 CPUs: 32 total, 32 available
 Memory: 15577M
 Large Page Support: Disabled
 NUMA Support: Disabled
 Compressed Oops: Enabled (Zero based)
 Heap Region Size: 2M
 Heap Min Capacity: 8M
 Heap Initial Capacity: 8M
 Heap Max Capacity: 3896M
 Pre-touch: Disabled
 Parallel Workers: 23
 Concurrent Workers: 6
 Concurrent Refinement Workers: 23
 Periodic GC: Disabled
Heap:
 garbage-first heap   total reserved 3989504K, committed 36864K, used 18019K [0x000000070c800000, 0x0000000800000000)
  region size 2M, 0 eden (0M), 1 survivor (2M), 9 old (18M), 0 humongous (0M), 8 free (16M)
GC Heap Usage History (20 events):
Event: 0.086 {heap After GC invocations=2 (full 0):
 garbage-first heap   total reserved 3989504K, committed 12288K, used 5813K [0x000000070c800000, 0x0000000800000000)
  region size 2M, 0 eden (0M), 1 survivor (2M), 3 old (6M), 0 humongous (0M), 2 free (4M)
}
Event: 0.114 {heap Before GC invocations=2 (full 0):
 garbage-first heap   total reserved 3989504K, committed 12288K, used 7861K [0x000000070c800000, 0x0000000800000000)
  region size 2M, 1 eden (2M), 1 survivor (2M), 3 old (6M), 0 humongous (0M), 1 free (2M)
}
Event: 0.257 {heap After GC invocations=3 (full 0):
 garbage-first heap   total reserved 3989504K, committed 36864K, used 6560K [0x000000070c800000, 0x0000000800000000)
  region size 2M, 0 eden (0M), 1 survivor (2M), 4 old (8M), 0 humongous (0M), 13 free (26M)
}
Event: 1.419 {heap Before GC invocations=3 (full 0):
 garbage-first heap   total reserved 3989504K, committed 36864K, used 16800K [0x000000070c800000, 0x0000000800000000)
  region size 2M, 5 eden (10M), 1 survivor (2M), 4 old (8M), 0 humongous (0M), 8 free (16M)
}
Event: 1.420 {heap After GC invocations=4 (full 0):
 garbage-first heap   total reserved 3989504K, committed 36864K, used 7391K [0x000000070c800000, 0x0000000800000000)
  region size 2M, 0 eden (0M), 1 survivor (2M), 4 old (8M), 0 humongous (0M), 13 free (26M)
}
Event: 2.536 {heap Before GC invocations=4 (full 0):
 garbage-first heap   total reserved 3989504K, committed 36864K, used 19679K [0x000000070c800000, 0x0000000800000000)
  region size 2M, 6 eden (12M), 1 survivor (2M), 4 old (8M), 0 humongous (0M), 7 free (14M)
}
Event: 2.537 {heap After GC invocations=5 (full 0):
 garbage-first heap   total reserved 3989504K, committed 36864K, used 8377K [0x000000070c800000, 0x0000000800000000)
  region size 2M, 0 eden (0M), 1 survivor (2M), 4 old (8M), 0 humongous (0M), 13 free (26M)
}
Event: 2.640 {heap Before GC invocations=5 (full 0):
 garbage-first heap   total reserved 3989504K, committed 36864K, used 24761K [0x000000070c800000, 0x0000000800000000)
  region size 2M, 8 eden (16M), 1 survivor (2M), 4 old (8M), 0 humongous (0M), 5 free (10M)
}
Event: 2.642 {heap After GC invocations=6 (full 0):
 garbage-first heap   total reserved 3989504K, committed 36864K, used 9755K [0x000000070c800000, 0x0000000800000000)
  region size 2M, 0 eden (0M), 2 survivor (4M), 4 old (8M), 0 humongous (0M), 12 free (24M)
}
Event: 2.726 {heap Before GC invocations=6 (full 0):
 garbage-first heap   total reserved 3989504K, committed 36864K, used 24091K [0x000000070c800000, 0x0000000800000000)
  region size 2M, 8 eden (16M), 2 survivor (4M), 4 old (8M), 0 humongous (0M), 4 free (8M)
}
Event: 2.728 {heap After GC invocations=7 (full 0):
 garbage-first heap   total reserved 3989504K, committed 36864K, used 11593K [0x000000070c800000, 0x0000000800000000)
  region size 2M, 0 eden (0M), 2 survivor (4M), 5 old (10M), 0 humongous (0M), 11 free (22M)
}
Event: 2.762 {heap Before GC invocations=7 (full 0):
 garbage-first heap   total reserved 3989504K, committed 36864K, used 17737K [0x000000070c800000, 0x0000000800000000)
  region size 2M, 4 eden (8M), 2 survivor (4M), 5 old (10M), 0 humongous (0M), 7 free (14M)
}
Event: 2.764 {heap After GC invocations=8 (full 0):
 garbage-first heap   total reserved 3989504K, committed 36864K, used 12288K [0x000000070c800000, 0x0000000800000000)
  region size 2M, 0 eden (0M), 2 survivor (4M), 6 old (12M), 0 humongous (0M), 10 free (20M)
}
Event: 2.837 {heap Before GC invocations=9 (full 0):
 garbage-first heap   total reserved 3989504K, committed 36864K, used 26624K [0x000000070c800000, 0x0000000800000000)
  region size 2M, 7 eden (14M), 2 survivor (4M), 6 old (12M), 0 humongous (0M), 3 free (6M)
}
Event: 2.840 {heap After GC invocations=10 (full 0):
 garbage-first heap   total reserved 3989504K, committed 36864K, used 14362K [0x000000070c800000, 0x0000000800000000)
  region size 2M, 0 eden (0M), 2 survivor (4M), 7 old (14M), 0 humongous (0M), 9 free (18M)
}
Event: 2.936 {heap Before GC invocations=10 (full 0):
 garbage-first heap   total reserved 3989504K, committed 36864K, used 26650K [0x000000070c800000, 0x0000000800000000)
  region size 2M, 6 eden (12M), 2 survivor (4M), 7 old (14M), 0 humongous (0M), 3 free (6M)
}
Event: 2.941 {heap After GC invocations=11 (full 0):
 garbage-first heap   total reserved 3989504K, committed 36864K, used 15561K [0x000000070c800000, 0x0000000800000000)
  region size 2M, 0 eden (0M), 1 survivor (2M), 7 old (14M), 0 humongous (0M), 10 free (20M)
}
Event: 3.066 {heap Before GC invocations=11 (full 0):
 garbage-first heap   total reserved 3989504K, committed 36864K, used 29897K [0x000000070c800000, 0x0000000800000000)
  region size 2M, 7 eden (14M), 1 survivor (2M), 7 old (14M), 0 humongous (0M), 3 free (6M)
}
Event: 3.069 {heap After GC invocations=12 (full 0):
 garbage-first heap   total reserved 3989504K, committed 36864K, used 16696K [0x000000070c800000, 0x0000000800000000)
  region size 2M, 0 eden (0M), 1 survivor (2M), 8 old (16M), 0 humongous (0M), 9 free (18M)
}
Event: 3.165 {heap Before GC invocations=12 (full 0):
 garbage-first heap   total reserved 3989504K, committed 36864K, used 28984K [0x000000070c800000, 0x0000000800000000)
  region size 2M, 6 eden (12M), 1 survivor (2M), 8 old (16M), 0 humongous (0M), 3 free (6M)
}

